
1, 0, 1
1, 0, 2
1, 0, 3
1, 0, 4
1, 0, 5
['e', 'l', 'i', 'j', 'h']
1, 0, 1
['a']
1, 0, 1
1, 0, 2
1, 0, 3
1, 0, 4
1, 0, 5
1, 0, 6
['e', 'l', 'i', 'j', 'a', 'h']
1, 0, 1
['a']
sh
1, 0, 1
1, 0, 2
1, 0, 3
1, 0, 4
1, 0, 5
1, 0, 4
1, 0, 3
1, 0, 4
1, 0, 5
1, 0, 6
1, 0, 7
['l', 's', ' ', '/', 'd', 'e', 'v']
1, 0, 1
1, 0, 2
1, 0, 3
1, 0, 4
1, 0, 5
1, 0, 6
1, 0, 7
1, 0, 8
1, 0, 9
1, 0, 10
1, 0, 9
1, 0, 10
1, 0, 11
1, 0, 12
1, 0, 13
1, 0, 14
1, 0, 15
['c', 'a', 't', ' ', '/', 'd', 'e', 'v', '/', 'r', 'a', 'n', 'd', 'o', 'm']
1, 0, 1
1, 0, 2
1, 0, 3
1, 0, 4
1, 0, 5
1, 0, 6
1, 0, 7
1, 0, 8
1, 0, 9
1, 0, 10
1, 0, 11
1, 0, 12
1, 0, 13
1, 0, 14
1, 0, 15
1, 0, 16
1, 0, 17
1, 0, 18
1, 0, 19
1, 0, 20
1, 0, 21
1, 0, 22
1, 0, 23
1, 0, 24
1, 0, 25
1, 0, 26
1, 0, 27
['o', 'p', 'e', 'n', '(', "'", '/', 'd', 'e', 'v', '/', 'r', 'a', 'n', 'd', 'o', 'm', "'", ')', '.', 'r', 'e', 'a', 'd', '(', '3', ')']
0
1
'\x1b[A', , 0
1, 3, 0
1, 3, 1
1, 3, 2
1, 3, 3
1, 3, 4
1, 3, 5
1, 3, 6
1, 3, 7
[]
1, 0, 1
1, 0, 2
1, 0, 3
1, 0, 4
1, 0, 5
1, 0, 6
['e', 'l', 'i', 'j', 'a', 'h']
1, 0, 1
['a']
sh
1, 0, 1
1, 0, 2
1, 0, 3
1, 0, 4
['t', 'i', 'm', 'e']
1, 0, 1
1, 0, 2
1, 0, 3
1, 0, 4
1, 0, 5
1, 0, 6
1, 0, 7
1, 0, 8
1, 0, 9
1, 0, 10
1, 0, 11
1, 0, 12
1, 0, 13
1, 0, 14
1, 0, 15
1, 0, 16
['c', 'a', 't', ' ', '/', 'e', 't', 'c', '/', 'p', 'r', 'o', 'f', 'i', 'l', 'e']
1, 0, 1
1, 0, 2
1, 0, 3
1, 0, 4
1, 0, 5
1, 0, 6
1, 0, 7
1, 0, 8
1, 0, 9
1, 0, 10
1, 0, 11
1, 0, 12
1, 0, 13
1, 0, 14
1, 0, 15
1, 0, 16
1, 0, 17
['e', 'd', 'i', 't', ' ', '/', 'e', 't', 'c', '/', 'p', 'r', 'o', 'f', 'i', 'l', 'e']
edit
'\x1b[D', , 257
1, 3, 256
'\x1b[D', , 256
1, 3, 255
'\x1b[D', , 255
1, 3, 254
'\x1b[D', , 254
1, 3, 253
'\x1b[D', , 253
1, 3, 252
'\x1b[D', , 252
1, 3, 251
'\x1b[D', , 251
1, 3, 250
'\x1b[D', , 250
1, 3, 249
1, 3, 248
1, 3, 249
1, 3, 249
'\x1b[D', , 249
1, 3, 248
'\x1b[C', , 248
1, 3, 249
1, 3, 248
1, 3, 249
1, 3, 249
['#', ' ', 'A', 'l', 'i', 'a', 's', 'e', 's', '\n', 'd', 'e', 'f', 'i', 'n', 'e', ' ', 'p', 'w', 'd', ' ', 'p', 'r', 'i', 'n', 't', 'f', '(', 'C', 'U', 'R', '_', 'D', 'I', 'R', ')', '\n', 'd', 'e', 'f', 'i', 'n', 'e', ' ', 'w', 'h', 'o', 'a', 'm', 'i', ' ', 'p', 'r', 'i', 'n', 't', 'f', '(', 'C', 'U', 'R', '_', 'U', 'S', 'E', 'R', ')', '\n', '\n', 'd', 'e', 'f', 'i', 'n', 'e', ' ', 's', 'u', ' ', 'g', 'l', 'o', 'b', 'a', 'l', ' ', 'C', 'U', 'R', '_', 'U', 'S', 'E', 'R', '\\', '\n', 'i', 'f', ' ', 'l', 'e', 'n', '(', 'a', 'r', 'g', 's', ')', ' ', '>', ' ', '0', ':', '\\', '\n', '\t', 'C', 'U', 'R', '_', 'U', 'S', 'E', 'R', ' ', '=', ' ', 'a', 'r', 'g', 's', '[', '0', ']', '\\', '\n', 'e', 'l', 's', 'e', ':', '\\', '\n', '\t', 'C', 'U', 'R', '_', 'U', 'S', 'E', 'R', ' ', '=', ' ', '"', 'r', 'o', 'o', 't', '"', '\n', '\n', 'd', 'e', 'f', 'i', 'n', 'e', ' ', 'l', 'o', 'g', 'o', 'u', 't', ' ', 'e', 'x', 'i', 't', '(', ')', '\n', 'd', 'e', 'f', 'i', 'n', 'e', ' ', 's', 'h', 'u', 't', 'd', 'o', 'w', 'n', ' ', 'q', 'u', 'i', 't', '(', ')', '\n', 'd', 'e', 'f', 'i', 'n', 'e', ' ', 'e', 'x', 'i', 't', ' ', 'q', 'u', 'i', 't', '(', ')', '\n', '\n', 'd', 'e', 'f', 'i', 'n', 'e', ' ', 't', 'i', 'm', 'e', ' ', 'c', 'a', 't', '(', '"', '/', 'd', 'e', 'v', '/', 'c', 'l', 'o', 'c', 'k', '"', ')', '\n']
1, 0, 1
1, 0, 2
['l', 's']
1, 0, 1
1, 0, 2
1, 0, 3
1, 0, 4
['q', 'u', 'i', 't']
[]
[]
[]
[]
[]
[]
[]
[]
[]
[]
[]
[]
1, 0, 1
1, 0, 2
1, 0, 3
1, 0, 4
1, 0, 5
1, 0, 6
['e', 'l', 'i', 'j', 'a', 'h']
1, 0, 1
['a']
sh
1, 0, 1
1, 0, 2
1, 0, 3
1, 0, 4
1, 0, 5
1, 0, 6
['e', 'l', 'i', 'j', 'a', 'h']
[]
[]
1, 0, 1
1, 0, 2
1, 0, 3
1, 0, 4
1, 0, 5
1, 0, 6
['e', 'l', 'i', 'j', 'a', 'h']
[]
1, 0, 1
1, 0, 2
1, 0, 3
1, 0, 4
1, 0, 5
1, 0, 6
['e', 'l', 'i', 'j', 'a', 'h']
1, 0, 1
[]
1, 0, 1
1, 0, 2
1, 0, 3
1, 0, 4
1, 0, 5
1, 0, 6
['e', 'l', 'i', 'j', 'a', 'h']
1, 0, 1
['a']
sh
[]
1, 0, 1
1, 0, 2
1, 0, 3
1, 0, 4
1, 0, 5
1, 0, 6
['e', 'l', 'i', 'j', 'a', 'h']
1, 0, 1
[]
[]
